C:\Program Files (x86)\Microsoft Visual Studio\2019\Community\Msbuild\Microsoft\VC\v160\Microsoft.CppBuild.targets(499,5): warning MSB8004: Output Directory does not end with a trailing slash.  This build instance will add the slash as it is required to allow proper evaluation of the Output Directory.
  Application.cpp
C:\Users\achic\OneDrive\Documentos\motors_de_videojocs\SI\documents\rapidjson\allocators.h(437,5): warning C4003: not enough arguments for function-like macro invocation 'max'
C:\Users\achic\OneDrive\Documentos\motors_de_videojocs\SI\documents\Application.cpp(87,27): warning C4244: '=': conversion from 'double' to 'float', possible loss of data
C:\Users\achic\OneDrive\Documentos\motors_de_videojocs\SI\documents\Application.cpp(97,19): warning C4553: '==': result of expression not used; did you intend '='?
C:\Users\achic\OneDrive\Documentos\motors_de_videojocs\SI\documents\Application.cpp(100,28): warning C4244: 'initializing': conversion from 'Uint32' to 'float', possible loss of data
C:\Users\achic\OneDrive\Documentos\motors_de_videojocs\SI\documents\Application.cpp(119,24): warning C4473: 'sprintf_s' : not enough arguments passed for format string
C:\Users\achic\OneDrive\Documentos\motors_de_videojocs\SI\documents\Application.cpp(119,24): message : placeholders and their parameters expect 3 variadic arguments, but 1 were provided
C:\Users\achic\OneDrive\Documentos\motors_de_videojocs\SI\documents\Application.cpp(119,24): message : the missing variadic argument 2 is required by format string '%d'
C:\Users\achic\OneDrive\Documentos\motors_de_videojocs\SI\documents\Application.cpp(124,14): warning C4244: 'initializing': conversion from 'double' to 'float', possible loss of data
C:\Users\achic\OneDrive\Documentos\motors_de_videojocs\SI\documents\Application.cpp(130,47): warning C4244: 'argument': conversion from 'float' to 'Uint32', possible loss of data
C:\Users\achic\OneDrive\Documentos\motors_de_videojocs\SI\documents\Application.cpp(159,46): warning C4805: '==': unsafe mix of type 'update_status' and type 'bool' in operation
C:\Users\achic\OneDrive\Documentos\motors_de_videojocs\SI\documents\Application.cpp(170,46): warning C4805: '==': unsafe mix of type 'update_status' and type 'bool' in operation
C:\Users\achic\OneDrive\Documentos\motors_de_videojocs\SI\documents\Application.cpp(178,46): warning C4805: '==': unsafe mix of type 'update_status' and type 'bool' in operation
  Blue_tool.cpp
  Color.cpp
  glmath.cpp
C:\Users\achic\OneDrive\Documentos\motors_de_videojocs\SI\documents\glmath.cpp(12,13): warning C4244: 'return': conversion from 'double' to 'float', possible loss of data
C:\Users\achic\OneDrive\Documentos\motors_de_videojocs\SI\documents\glmath.cpp(27,17): warning C4244: 'argument': conversion from 'double' to 'float', possible loss of data
C:\Users\achic\OneDrive\Documentos\motors_de_videojocs\SI\documents\glmath.cpp(43,34): warning C4244: 'argument': conversion from 'double' to 'float', possible loss of data
C:\Users\achic\OneDrive\Documentos\motors_de_videojocs\SI\documents\glmath.cpp(53,10): warning C4244: 'initializing': conversion from 'double' to 'float', possible loss of data
C:\Users\achic\OneDrive\Documentos\motors_de_videojocs\SI\documents\glmath.cpp(53,26): warning C4244: 'initializing': conversion from 'double' to 'float', possible loss of data
C:\Users\achic\OneDrive\Documentos\motors_de_videojocs\SI\documents\glmath.cpp(72,13): warning C4244: 'return': conversion from 'double' to 'float', possible loss of data
C:\Users\achic\OneDrive\Documentos\motors_de_videojocs\SI\documents\glmath.cpp(87,17): warning C4244: 'argument': conversion from 'double' to 'float', possible loss of data
C:\Users\achic\OneDrive\Documentos\motors_de_videojocs\SI\documents\glmath.cpp(103,34): warning C4244: 'argument': conversion from 'double' to 'float', possible loss of data
C:\Users\achic\OneDrive\Documentos\motors_de_videojocs\SI\documents\glmath.cpp(600,13): warning C4244: 'initializing': conversion from 'double' to 'float', possible loss of data
C:\Users\achic\OneDrive\Documentos\motors_de_videojocs\SI\documents\glmath.cpp(618,10): warning C4244: 'initializing': conversion from 'double' to 'float', possible loss of data
C:\Users\achic\OneDrive\Documentos\motors_de_videojocs\SI\documents\glmath.cpp(618,33): warning C4244: 'initializing': conversion from 'double' to 'float', possible loss of data
C:\Users\achic\OneDrive\Documentos\motors_de_videojocs\SI\documents\glmath.cpp(758,13): warning C4244: 'initializing': conversion from 'double' to 'float', possible loss of data
C:\Users\achic\OneDrive\Documentos\motors_de_videojocs\SI\documents\glmath.cpp(778,10): warning C4244: 'initializing': conversion from 'double' to 'float', possible loss of data
C:\Users\achic\OneDrive\Documentos\motors_de_videojocs\SI\documents\glmath.cpp(778,33): warning C4244: 'initializing': conversion from 'double' to 'float', possible loss of data
  imgui.cpp
  imgui_demo.cpp
  imgui_draw.cpp
  imgui_impl_opengl3.cpp
  imgui_impl_sdl.cpp
  imgui_impl_sdlrenderer.cpp
  imgui_tables.cpp
  imgui_widgets.cpp
  Light.cpp
  log.cpp
  Main.cpp
  GJK.cpp
C:\Program Files (x86)\Microsoft Visual Studio\2019\Community\VC\Tools\MSVC\14.29.30133\include\ostream(410,1): warning C4530: C++ exception handler used, but unwind semantics are not enabled. Specify /EHsc
C:\Program Files (x86)\Microsoft Visual Studio\2019\Community\VC\Tools\MSVC\14.29.30133\include\ostream(403): message : while compiling class template member function 'std::basic_ostream<char,std::char_traits<char>> &std::basic_ostream<char,std::char_traits<char>>::operator <<(double)'
C:\Users\achic\OneDrive\Documentos\motors_de_videojocs\SI\documents\MathGeoLib-master\src\Math\assume.h(126): message : see reference to function template instantiation 'std::basic_ostream<char,std::char_traits<char>> &std::basic_ostream<char,std::char_traits<char>>::operator <<(double)' being compiled
C:\Program Files (x86)\Microsoft Visual Studio\2019\Community\VC\Tools\MSVC\14.29.30133\include\istream(708): message : see reference to class template instantiation 'std::basic_ostream<char,std::char_traits<char>>' being compiled
C:\Program Files (x86)\Microsoft Visual Studio\2019\Community\VC\Tools\MSVC\14.29.30133\include\sstream(786): message : see reference to class template instantiation 'std::basic_iostream<char,std::char_traits<char>>' being compiled
C:\Users\achic\OneDrive\Documentos\motors_de_videojocs\SI\documents\MathGeoLib-master\src\Math\assume.h(113): message : see reference to class template instantiation 'std::basic_stringstream<char,std::char_traits<char>,std::allocator<char>>' being compiled
  GJK2D.cpp
C:\Program Files (x86)\Microsoft Visual Studio\2019\Community\VC\Tools\MSVC\14.29.30133\include\ostream(410,1): warning C4530: C++ exception handler used, but unwind semantics are not enabled. Specify /EHsc
C:\Program Files (x86)\Microsoft Visual Studio\2019\Community\VC\Tools\MSVC\14.29.30133\include\ostream(403): message : while compiling class template member function 'std::basic_ostream<char,std::char_traits<char>> &std::basic_ostream<char,std::char_traits<char>>::operator <<(double)'
C:\Users\achic\OneDrive\Documentos\motors_de_videojocs\SI\documents\MathGeoLib-master\src\Math\assume.h(126): message : see reference to function template instantiation 'std::basic_ostream<char,std::char_traits<char>> &std::basic_ostream<char,std::char_traits<char>>::operator <<(double)' being compiled
C:\Program Files (x86)\Microsoft Visual Studio\2019\Community\VC\Tools\MSVC\14.29.30133\include\istream(708): message : see reference to class template instantiation 'std::basic_ostream<char,std::char_traits<char>>' being compiled
C:\Program Files (x86)\Microsoft Visual Studio\2019\Community\VC\Tools\MSVC\14.29.30133\include\sstream(786): message : see reference to class template instantiation 'std::basic_iostream<char,std::char_traits<char>>' being compiled
C:\Users\achic\OneDrive\Documentos\motors_de_videojocs\SI\documents\MathGeoLib-master\src\Math\assume.h(113): message : see reference to class template instantiation 'std::basic_stringstream<char,std::char_traits<char>,std::allocator<char>>' being compiled
  LCG.cpp
C:\Program Files (x86)\Microsoft Visual Studio\2019\Community\VC\Tools\MSVC\14.29.30133\include\ostream(410,1): warning C4530: C++ exception handler used, but unwind semantics are not enabled. Specify /EHsc
C:\Program Files (x86)\Microsoft Visual Studio\2019\Community\VC\Tools\MSVC\14.29.30133\include\ostream(403): message : while compiling class template member function 'std::basic_ostream<char,std::char_traits<char>> &std::basic_ostream<char,std::char_traits<char>>::operator <<(double)'
C:\Users\achic\OneDrive\Documentos\motors_de_videojocs\SI\documents\MathGeoLib-master\src\Math\assume.h(126): message : see reference to function template instantiation 'std::basic_ostream<char,std::char_traits<char>> &std::basic_ostream<char,std::char_traits<char>>::operator <<(double)' being compiled
C:\Program Files (x86)\Microsoft Visual Studio\2019\Community\VC\Tools\MSVC\14.29.30133\include\istream(708): message : see reference to class template instantiation 'std::basic_ostream<char,std::char_traits<char>>' being compiled
C:\Program Files (x86)\Microsoft Visual Studio\2019\Community\VC\Tools\MSVC\14.29.30133\include\sstream(786): message : see reference to class template instantiation 'std::basic_iostream<char,std::char_traits<char>>' being compiled
C:\Users\achic\OneDrive\Documentos\motors_de_videojocs\SI\documents\MathGeoLib-master\src\Math\assume.h(113): message : see reference to class template instantiation 'std::basic_stringstream<char,std::char_traits<char>,std::allocator<char>>' being compiled
  SAT.cpp
C:\Program Files (x86)\Microsoft Visual Studio\2019\Community\VC\Tools\MSVC\14.29.30133\include\ostream(410,1): warning C4530: C++ exception handler used, but unwind semantics are not enabled. Specify /EHsc
C:\Program Files (x86)\Microsoft Visual Studio\2019\Community\VC\Tools\MSVC\14.29.30133\include\ostream(403): message : while compiling class template member function 'std::basic_ostream<char,std::char_traits<char>> &std::basic_ostream<char,std::char_traits<char>>::operator <<(double)'
C:\Users\achic\OneDrive\Documentos\motors_de_videojocs\SI\documents\MathGeoLib-master\src\Math\assume.h(126): message : see reference to function template instantiation 'std::basic_ostream<char,std::char_traits<char>> &std::basic_ostream<char,std::char_traits<char>>::operator <<(double)' being compiled
C:\Program Files (x86)\Microsoft Visual Studio\2019\Community\VC\Tools\MSVC\14.29.30133\include\istream(708): message : see reference to class template instantiation 'std::basic_ostream<char,std::char_traits<char>>' being compiled
C:\Program Files (x86)\Microsoft Visual Studio\2019\Community\VC\Tools\MSVC\14.29.30133\include\sstream(786): message : see reference to class template instantiation 'std::basic_iostream<char,std::char_traits<char>>' being compiled
C:\Users\achic\OneDrive\Documentos\motors_de_videojocs\SI\documents\MathGeoLib-master\src\Math\assume.h(113): message : see reference to class template instantiation 'std::basic_stringstream<char,std::char_traits<char>,std::allocator<char>>' being compiled
  AABB.cpp
C:\Users\achic\OneDrive\Documentos\motors_de_videojocs\SI\documents\MathGeoLib-master\src\Geometry\AABB.cpp(1207,2): warning C4996: 'sprintf': This function or variable may be unsafe. Consider using sprintf_s instead. To disable deprecation, use _CRT_SECURE_NO_WARNINGS. See online help for details.
C:\Program Files (x86)\Microsoft Visual Studio\2019\Community\VC\Tools\MSVC\14.29.30133\include\ostream(410,1): warning C4530: C++ exception handler used, but unwind semantics are not enabled. Specify /EHsc
C:\Program Files (x86)\Microsoft Visual Studio\2019\Community\VC\Tools\MSVC\14.29.30133\include\ostream(403): message : while compiling class template member function 'std::basic_ostream<char,std::char_traits<char>> &std::basic_ostream<char,std::char_traits<char>>::operator <<(double)'
C:\Users\achic\OneDrive\Documentos\motors_de_videojocs\SI\documents\MathGeoLib-master\src\Math\assume.h(126): message : see reference to function template instantiation 'std::basic_ostream<char,std::char_traits<char>> &std::basic_ostream<char,std::char_traits<char>>::operator <<(double)' being compiled
C:\Program Files (x86)\Microsoft Visual Studio\2019\Community\VC\Tools\MSVC\14.29.30133\include\istream(708): message : see reference to class template instantiation 'std::basic_ostream<char,std::char_traits<char>>' being compiled
C:\Program Files (x86)\Microsoft Visual Studio\2019\Community\VC\Tools\MSVC\14.29.30133\include\sstream(786): message : see reference to class template instantiation 'std::basic_iostream<char,std::char_traits<char>>' being compiled
C:\Users\achic\OneDrive\Documentos\motors_de_videojocs\SI\documents\MathGeoLib-master\src\Math\assume.h(113): message : see reference to class template instantiation 'std::basic_stringstream<char,std::char_traits<char>,std::allocator<char>>' being compiled
  Compiling...
  Capsule.cpp
C:\Users\achic\OneDrive\Documentos\motors_de_videojocs\SI\documents\MathGeoLib-master\src\Geometry\Capsule.cpp(457,2): warning C4996: 'sprintf': This function or variable may be unsafe. Consider using sprintf_s instead. To disable deprecation, use _CRT_SECURE_NO_WARNINGS. See online help for details.
C:\Users\achic\OneDrive\Documentos\motors_de_videojocs\SI\documents\MathGeoLib-master\src\Geometry\Capsule.cpp(479,2): warning C4996: 'sprintf': This function or variable may be unsafe. Consider using sprintf_s instead. To disable deprecation, use _CRT_SECURE_NO_WARNINGS. See online help for details.
C:\Program Files (x86)\Microsoft Visual Studio\2019\Community\VC\Tools\MSVC\14.29.30133\include\ostream(410,1): warning C4530: C++ exception handler used, but unwind semantics are not enabled. Specify /EHsc
C:\Program Files (x86)\Microsoft Visual Studio\2019\Community\VC\Tools\MSVC\14.29.30133\include\ostream(403): message : while compiling class template member function 'std::basic_ostream<char,std::char_traits<char>> &std::basic_ostream<char,std::char_traits<char>>::operator <<(double)'
C:\Users\achic\OneDrive\Documentos\motors_de_videojocs\SI\documents\MathGeoLib-master\src\Math\assume.h(126): message : see reference to function template instantiation 'std::basic_ostream<char,std::char_traits<char>> &std::basic_ostream<char,std::char_traits<char>>::operator <<(double)' being compiled
C:\Program Files (x86)\Microsoft Visual Studio\2019\Community\VC\Tools\MSVC\14.29.30133\include\istream(708): message : see reference to class template instantiation 'std::basic_ostream<char,std::char_traits<char>>' being compiled
C:\Program Files (x86)\Microsoft Visual Studio\2019\Community\VC\Tools\MSVC\14.29.30133\include\sstream(786): message : see reference to class template instantiation 'std::basic_iostream<char,std::char_traits<char>>' being compiled
C:\Users\achic\OneDrive\Documentos\motors_de_videojocs\SI\documents\MathGeoLib-master\src\Math\assume.h(113): message : see reference to class template instantiation 'std::basic_stringstream<char,std::char_traits<char>,std::allocator<char>>' being compiled
  Circle.cpp
C:\Users\achic\OneDrive\Documentos\motors_de_videojocs\SI\documents\MathGeoLib-master\src\Geometry\Circle.cpp(257,2): warning C4996: 'sprintf': This function or variable may be unsafe. Consider using sprintf_s instead. To disable deprecation, use _CRT_SECURE_NO_WARNINGS. See online help for details.
C:\Program Files (x86)\Microsoft Visual Studio\2019\Community\VC\Tools\MSVC\14.29.30133\include\ostream(410,1): warning C4530: C++ exception handler used, but unwind semantics are not enabled. Specify /EHsc
C:\Program Files (x86)\Microsoft Visual Studio\2019\Community\VC\Tools\MSVC\14.29.30133\include\ostream(403): message : while compiling class template member function 'std::basic_ostream<char,std::char_traits<char>> &std::basic_ostream<char,std::char_traits<char>>::operator <<(double)'
C:\Users\achic\OneDrive\Documentos\motors_de_videojocs\SI\documents\MathGeoLib-master\src\Math\assume.h(126): message : see reference to function template instantiation 'std::basic_ostream<char,std::char_traits<char>> &std::basic_ostream<char,std::char_traits<char>>::operator <<(double)' being compiled
C:\Program Files (x86)\Microsoft Visual Studio\2019\Community\VC\Tools\MSVC\14.29.30133\include\istream(708): message : see reference to class template instantiation 'std::basic_ostream<char,std::char_traits<char>>' being compiled
C:\Program Files (x86)\Microsoft Visual Studio\2019\Community\VC\Tools\MSVC\14.29.30133\include\sstream(786): message : see reference to class template instantiation 'std::basic_iostream<char,std::char_traits<char>>' being compiled
C:\Users\achic\OneDrive\Documentos\motors_de_videojocs\SI\documents\MathGeoLib-master\src\Math\assume.h(113): message : see reference to class template instantiation 'std::basic_stringstream<char,std::char_traits<char>,std::allocator<char>>' being compiled
  Circle2D.cpp
C:\Users\achic\OneDrive\Documentos\motors_de_videojocs\SI\documents\MathGeoLib-master\src\Geometry\Circle2D.cpp(292,2): warning C4996: 'sprintf': This function or variable may be unsafe. Consider using sprintf_s instead. To disable deprecation, use _CRT_SECURE_NO_WARNINGS. See online help for details.
C:\Program Files (x86)\Microsoft Visual Studio\2019\Community\VC\Tools\MSVC\14.29.30133\include\ostream(410,1): warning C4530: C++ exception handler used, but unwind semantics are not enabled. Specify /EHsc
C:\Program Files (x86)\Microsoft Visual Studio\2019\Community\VC\Tools\MSVC\14.29.30133\include\ostream(403): message : while compiling class template member function 'std::basic_ostream<char,std::char_traits<char>> &std::basic_ostream<char,std::char_traits<char>>::operator <<(double)'
C:\Users\achic\OneDrive\Documentos\motors_de_videojocs\SI\documents\MathGeoLib-master\src\Math\assume.h(126): message : see reference to function template instantiation 'std::basic_ostream<char,std::char_traits<char>> &std::basic_ostream<char,std::char_traits<char>>::operator <<(double)' being compiled
C:\Program Files (x86)\Microsoft Visual Studio\2019\Community\VC\Tools\MSVC\14.29.30133\include\istream(708): message : see reference to class template instantiation 'std::basic_ostream<char,std::char_traits<char>>' being compiled
C:\Program Files (x86)\Microsoft Visual Studio\2019\Community\VC\Tools\MSVC\14.29.30133\include\sstream(786): message : see reference to class template instantiation 'std::basic_iostream<char,std::char_traits<char>>' being compiled
C:\Users\achic\OneDrive\Documentos\motors_de_videojocs\SI\documents\MathGeoLib-master\src\Math\assume.h(113): message : see reference to class template instantiation 'std::basic_stringstream<char,std::char_traits<char>,std::allocator<char>>' being compiled
  Frustum.cpp
C:\Users\achic\OneDrive\Documentos\motors_de_videojocs\SI\documents\MathGeoLib-master\src\Geometry\Frustum.cpp(1117,2): warning C4996: 'sprintf': This function or variable may be unsafe. Consider using sprintf_s instead. To disable deprecation, use _CRT_SECURE_NO_WARNINGS. See online help for details.
C:\Program Files (x86)\Microsoft Visual Studio\2019\Community\VC\Tools\MSVC\14.29.30133\include\ostream(410,1): warning C4530: C++ exception handler used, but unwind semantics are not enabled. Specify /EHsc
C:\Program Files (x86)\Microsoft Visual Studio\2019\Community\VC\Tools\MSVC\14.29.30133\include\ostream(403): message : while compiling class template member function 'std::basic_ostream<char,std::char_traits<char>> &std::basic_ostream<char,std::char_traits<char>>::operator <<(double)'
C:\Users\achic\OneDrive\Documentos\motors_de_videojocs\SI\documents\MathGeoLib-master\src\Math\assume.h(126): message : see reference to function template instantiation 'std::basic_ostream<char,std::char_traits<char>> &std::basic_ostream<char,std::char_traits<char>>::operator <<(double)' being compiled
C:\Program Files (x86)\Microsoft Visual Studio\2019\Community\VC\Tools\MSVC\14.29.30133\include\istream(708): message : see reference to class template instantiation 'std::basic_ostream<char,std::char_traits<char>>' being compiled
C:\Program Files (x86)\Microsoft Visual Studio\2019\Community\VC\Tools\MSVC\14.29.30133\include\sstream(786): message : see reference to class template instantiation 'std::basic_iostream<char,std::char_traits<char>>' being compiled
C:\Users\achic\OneDrive\Documentos\motors_de_videojocs\SI\documents\MathGeoLib-master\src\Math\assume.h(113): message : see reference to class template instantiation 'std::basic_stringstream<char,std::char_traits<char>,std::allocator<char>>' being compiled
  Line.cpp
C:\Users\achic\OneDrive\Documentos\motors_de_videojocs\SI\documents\MathGeoLib-master\src\Geometry\Line.cpp(363,2): warning C4996: 'sprintf': This function or variable may be unsafe. Consider using sprintf_s instead. To disable deprecation, use _CRT_SECURE_NO_WARNINGS. See online help for details.
C:\Program Files (x86)\Microsoft Visual Studio\2019\Community\VC\Tools\MSVC\14.29.30133\include\ostream(410,1): warning C4530: C++ exception handler used, but unwind semantics are not enabled. Specify /EHsc
C:\Program Files (x86)\Microsoft Visual Studio\2019\Community\VC\Tools\MSVC\14.29.30133\include\ostream(403): message : while compiling class template member function 'std::basic_ostream<char,std::char_traits<char>> &std::basic_ostream<char,std::char_traits<char>>::operator <<(double)'
C:\Users\achic\OneDrive\Documentos\motors_de_videojocs\SI\documents\MathGeoLib-master\src\Math\assume.h(126): message : see reference to function template instantiation 'std::basic_ostream<char,std::char_traits<char>> &std::basic_ostream<char,std::char_traits<char>>::operator <<(double)' being compiled
C:\Program Files (x86)\Microsoft Visual Studio\2019\Community\VC\Tools\MSVC\14.29.30133\include\istream(708): message : see reference to class template instantiation 'std::basic_ostream<char,std::char_traits<char>>' being compiled
C:\Program Files (x86)\Microsoft Visual Studio\2019\Community\VC\Tools\MSVC\14.29.30133\include\sstream(786): message : see reference to class template instantiation 'std::basic_iostream<char,std::char_traits<char>>' being compiled
C:\Users\achic\OneDrive\Documentos\motors_de_videojocs\SI\documents\MathGeoLib-master\src\Math\assume.h(113): message : see reference to class template instantiation 'std::basic_stringstream<char,std::char_traits<char>,std::allocator<char>>' being compiled
  LineSegment.cpp
C:\Users\achic\OneDrive\Documentos\motors_de_videojocs\SI\documents\MathGeoLib-master\src\Geometry\LineSegment.cpp(459,2): warning C4996: 'sprintf': This function or variable may be unsafe. Consider using sprintf_s instead. To disable deprecation, use _CRT_SECURE_NO_WARNINGS. See online help for details.
C:\Program Files (x86)\Microsoft Visual Studio\2019\Community\VC\Tools\MSVC\14.29.30133\include\ostream(410,1): warning C4530: C++ exception handler used, but unwind semantics are not enabled. Specify /EHsc
C:\Program Files (x86)\Microsoft Visual Studio\2019\Community\VC\Tools\MSVC\14.29.30133\include\ostream(403): message : while compiling class template member function 'std::basic_ostream<char,std::char_traits<char>> &std::basic_ostream<char,std::char_traits<char>>::operator <<(double)'
C:\Users\achic\OneDrive\Documentos\motors_de_videojocs\SI\documents\MathGeoLib-master\src\Math\assume.h(126): message : see reference to function template instantiation 'std::basic_ostream<char,std::char_traits<char>> &std::basic_ostream<char,std::char_traits<char>>::operator <<(double)' being compiled
C:\Program Files (x86)\Microsoft Visual Studio\2019\Community\VC\Tools\MSVC\14.29.30133\include\istream(708): message : see reference to class template instantiation 'std::basic_ostream<char,std::char_traits<char>>' being compiled
C:\Program Files (x86)\Microsoft Visual Studio\2019\Community\VC\Tools\MSVC\14.29.30133\include\sstream(786): message : see reference to class template instantiation 'std::basic_iostream<char,std::char_traits<char>>' being compiled
C:\Users\achic\OneDrive\Documentos\motors_de_videojocs\SI\documents\MathGeoLib-master\src\Math\assume.h(113): message : see reference to class template instantiation 'std::basic_stringstream<char,std::char_traits<char>,std::allocator<char>>' being compiled
  LineSegment2D.cpp
C:\Users\achic\OneDrive\Documentos\motors_de_videojocs\SI\documents\MathGeoLib-master\src\Geometry\AABB2D.h(191,3): warning C4996: 'sprintf': This function or variable may be unsafe. Consider using sprintf_s instead. To disable deprecation, use _CRT_SECURE_NO_WARNINGS. See online help for details.
C:\Users\achic\OneDrive\Documentos\motors_de_videojocs\SI\documents\MathGeoLib-master\src\Geometry\LineSegment2D.cpp(512,2): warning C4996: 'sprintf': This function or variable may be unsafe. Consider using sprintf_s instead. To disable deprecation, use _CRT_SECURE_NO_WARNINGS. See online help for details.
C:\Program Files (x86)\Microsoft Visual Studio\2019\Community\VC\Tools\MSVC\14.29.30133\include\ostream(410,1): warning C4530: C++ exception handler used, but unwind semantics are not enabled. Specify /EHsc
C:\Program Files (x86)\Microsoft Visual Studio\2019\Community\VC\Tools\MSVC\14.29.30133\include\ostream(403): message : while compiling class template member function 'std::basic_ostream<char,std::char_traits<char>> &std::basic_ostream<char,std::char_traits<char>>::operator <<(double)'
C:\Users\achic\OneDrive\Documentos\motors_de_videojocs\SI\documents\MathGeoLib-master\src\Math\assume.h(126): message : see reference to function template instantiation 'std::basic_ostream<char,std::char_traits<char>> &std::basic_ostream<char,std::char_traits<char>>::operator <<(double)' being compiled
C:\Program Files (x86)\Microsoft Visual Studio\2019\Community\VC\Tools\MSVC\14.29.30133\include\istream(708): message : see reference to class template instantiation 'std::basic_ostream<char,std::char_traits<char>>' being compiled
C:\Program Files (x86)\Microsoft Visual Studio\2019\Community\VC\Tools\MSVC\14.29.30133\include\sstream(786): message : see reference to class template instantiation 'std::basic_iostream<char,std::char_traits<char>>' being compiled
C:\Users\achic\OneDrive\Documentos\motors_de_videojocs\SI\documents\MathGeoLib-master\src\Math\assume.h(113): message : see reference to class template instantiation 'std::basic_stringstream<char,std::char_traits<char>,std::allocator<char>>' being compiled
  OBB.cpp
C:\Users\achic\OneDrive\Documentos\motors_de_videojocs\SI\documents\MathGeoLib-master\src\Geometry\OBB.cpp(2810,2): warning C4996: 'sprintf': This function or variable may be unsafe. Consider using sprintf_s instead. To disable deprecation, use _CRT_SECURE_NO_WARNINGS. See online help for details.
C:\Program Files (x86)\Microsoft Visual Studio\2019\Community\VC\Tools\MSVC\14.29.30133\include\ostream(410,1): warning C4530: C++ exception handler used, but unwind semantics are not enabled. Specify /EHsc
C:\Program Files (x86)\Microsoft Visual Studio\2019\Community\VC\Tools\MSVC\14.29.30133\include\ostream(403): message : while compiling class template member function 'std::basic_ostream<char,std::char_traits<char>> &std::basic_ostream<char,std::char_traits<char>>::operator <<(double)'
C:\Users\achic\OneDrive\Documentos\motors_de_videojocs\SI\documents\MathGeoLib-master\src\Math\assume.h(126): message : see reference to function template instantiation 'std::basic_ostream<char,std::char_traits<char>> &std::basic_ostream<char,std::char_traits<char>>::operator <<(double)' being compiled
C:\Program Files (x86)\Microsoft Visual Studio\2019\Community\VC\Tools\MSVC\14.29.30133\include\istream(708): message : see reference to class template instantiation 'std::basic_ostream<char,std::char_traits<char>>' being compiled
C:\Program Files (x86)\Microsoft Visual Studio\2019\Community\VC\Tools\MSVC\14.29.30133\include\sstream(786): message : see reference to class template instantiation 'std::basic_iostream<char,std::char_traits<char>>' being compiled
C:\Users\achic\OneDrive\Documentos\motors_de_videojocs\SI\documents\MathGeoLib-master\src\Math\assume.h(113): message : see reference to class template instantiation 'std::basic_stringstream<char,std::char_traits<char>,std::allocator<char>>' being compiled
  PBVolume.cpp
C:\Program Files (x86)\Microsoft Visual Studio\2019\Community\VC\Tools\MSVC\14.29.30133\include\ostream(410,1): warning C4530: C++ exception handler used, but unwind semantics are not enabled. Specify /EHsc
C:\Program Files (x86)\Microsoft Visual Studio\2019\Community\VC\Tools\MSVC\14.29.30133\include\ostream(403): message : while compiling class template member function 'std::basic_ostream<char,std::char_traits<char>> &std::basic_ostream<char,std::char_traits<char>>::operator <<(double)'
C:\Users\achic\OneDrive\Documentos\motors_de_videojocs\SI\documents\MathGeoLib-master\src\Math\assume.h(126): message : see reference to function template instantiation 'std::basic_ostream<char,std::char_traits<char>> &std::basic_ostream<char,std::char_traits<char>>::operator <<(double)' being compiled
C:\Program Files (x86)\Microsoft Visual Studio\2019\Community\VC\Tools\MSVC\14.29.30133\include\istream(708): message : see reference to class template instantiation 'std::basic_ostream<char,std::char_traits<char>>' being compiled
C:\Program Files (x86)\Microsoft Visual Studio\2019\Community\VC\Tools\MSVC\14.29.30133\include\sstream(786): message : see reference to class template instantiation 'std::basic_iostream<char,std::char_traits<char>>' being compiled
C:\Users\achic\OneDrive\Documentos\motors_de_videojocs\SI\documents\MathGeoLib-master\src\Math\assume.h(113): message : see reference to class template instantiation 'std::basic_stringstream<char,std::char_traits<char>,std::allocator<char>>' being compiled
  Plane.cpp
C:\Users\achic\OneDrive\Documentos\motors_de_videojocs\SI\documents\MathGeoLib-master\src\Geometry\Plane.cpp(920,2): warning C4996: 'sprintf': This function or variable may be unsafe. Consider using sprintf_s instead. To disable deprecation, use _CRT_SECURE_NO_WARNINGS. See online help for details.
C:\Users\achic\OneDrive\Documentos\motors_de_videojocs\SI\documents\MathGeoLib-master\src\Geometry\Plane.cpp(939,2): warning C4996: 'sprintf': This function or variable may be unsafe. Consider using sprintf_s instead. To disable deprecation, use _CRT_SECURE_NO_WARNINGS. See online help for details.
C:\Program Files (x86)\Microsoft Visual Studio\2019\Community\VC\Tools\MSVC\14.29.30133\include\ostream(410,1): warning C4530: C++ exception handler used, but unwind semantics are not enabled. Specify /EHsc
C:\Program Files (x86)\Microsoft Visual Studio\2019\Community\VC\Tools\MSVC\14.29.30133\include\ostream(403): message : while compiling class template member function 'std::basic_ostream<char,std::char_traits<char>> &std::basic_ostream<char,std::char_traits<char>>::operator <<(double)'
C:\Users\achic\OneDrive\Documentos\motors_de_videojocs\SI\documents\MathGeoLib-master\src\Math\assume.h(126): message : see reference to function template instantiation 'std::basic_ostream<char,std::char_traits<char>> &std::basic_ostream<char,std::char_traits<char>>::operator <<(double)' being compiled
C:\Program Files (x86)\Microsoft Visual Studio\2019\Community\VC\Tools\MSVC\14.29.30133\include\istream(708): message : see reference to class template instantiation 'std::basic_ostream<char,std::char_traits<char>>' being compiled
C:\Program Files (x86)\Microsoft Visual Studio\2019\Community\VC\Tools\MSVC\14.29.30133\include\sstream(786): message : see reference to class template instantiation 'std::basic_iostream<char,std::char_traits<char>>' being compiled
C:\Users\achic\OneDrive\Documentos\motors_de_videojocs\SI\documents\MathGeoLib-master\src\Math\assume.h(113): message : see reference to class template instantiation 'std::basic_stringstream<char,std::char_traits<char>,std::allocator<char>>' being compiled
  Polygon.cpp
C:\Program Files (x86)\Microsoft Visual Studio\2019\Community\VC\Tools\MSVC\14.29.30133\include\ostream(410,1): warning C4530: C++ exception handler used, but unwind semantics are not enabled. Specify /EHsc
C:\Program Files (x86)\Microsoft Visual Studio\2019\Community\VC\Tools\MSVC\14.29.30133\include\ostream(403): message : while compiling class template member function 'std::basic_ostream<char,std::char_traits<char>> &std::basic_ostream<char,std::char_traits<char>>::operator <<(double)'
C:\Users\achic\OneDrive\Documentos\motors_de_videojocs\SI\documents\MathGeoLib-master\src\Math\assume.h(126): message : see reference to function template instantiation 'std::basic_ostream<char,std::char_traits<char>> &std::basic_ostream<char,std::char_traits<char>>::operator <<(double)' being compiled
C:\Program Files (x86)\Microsoft Visual Studio\2019\Community\VC\Tools\MSVC\14.29.30133\include\istream(708): message : see reference to class template instantiation 'std::basic_ostream<char,std::char_traits<char>>' being compiled
C:\Program Files (x86)\Microsoft Visual Studio\2019\Community\VC\Tools\MSVC\14.29.30133\include\sstream(786): message : see reference to class template instantiation 'std::basic_iostream<char,std::char_traits<char>>' being compiled
C:\Users\achic\OneDrive\Documentos\motors_de_videojocs\SI\documents\MathGeoLib-master\src\Math\assume.h(113): message : see reference to class template instantiation 'std::basic_stringstream<char,std::char_traits<char>,std::allocator<char>>' being compiled
  Polyhedron.cpp
C:\Program Files (x86)\Microsoft Visual Studio\2019\Community\VC\Tools\MSVC\14.29.30133\include\vector(869,1): warning C4530: C++ exception handler used, but unwind semantics are not enabled. Specify /EHsc
C:\Program Files (x86)\Microsoft Visual Studio\2019\Community\VC\Tools\MSVC\14.29.30133\include\vector(837): message : while compiling class template member function 'std::_Vector_iterator<std::_Vector_val<std::_Simple_types<_Ty>>> std::vector<_Ty,std::allocator<_Ty>>::insert(std::_Vector_const_iterator<std::_Vector_val<std::_Simple_types<_Ty>>>,const unsigned int,const _Ty &)'
          with
          [
              _Ty=std::vector<int,std::allocator<int>>
          ]
C:\Users\achic\OneDrive\Documentos\motors_de_videojocs\SI\documents\MathGeoLib-master\src\Geometry\Polyhedron.cpp(2135): message : see reference to function template instantiation 'std::_Vector_iterator<std::_Vector_val<std::_Simple_types<_Ty>>> std::vector<_Ty,std::allocator<_Ty>>::insert(std::_Vector_const_iterator<std::_Vector_val<std::_Simple_types<_Ty>>>,const unsigned int,const _Ty &)' being compiled
          with
          [
              _Ty=std::vector<int,std::allocator<int>>
          ]
C:\Users\achic\OneDrive\Documentos\motors_de_videojocs\SI\documents\MathGeoLib-master\src\Geometry\Polyhedron.cpp(354): message : see reference to class template instantiation 'std::vector<std::vector<int,std::allocator<int>>,std::allocator<std::vector<int,std::allocator<int>>>>' being compiled
  Ray.cpp
C:\Users\achic\OneDrive\Documentos\motors_de_videojocs\SI\documents\MathGeoLib-master\src\Geometry\Ray.cpp(368,2): warning C4996: 'sprintf': This function or variable may be unsafe. Consider using sprintf_s instead. To disable deprecation, use _CRT_SECURE_NO_WARNINGS. See online help for details.
C:\Program Files (x86)\Microsoft Visual Studio\2019\Community\VC\Tools\MSVC\14.29.30133\include\ostream(410,1): warning C4530: C++ exception handler used, but unwind semantics are not enabled. Specify /EHsc
C:\Program Files (x86)\Microsoft Visual Studio\2019\Community\VC\Tools\MSVC\14.29.30133\include\ostream(403): message : while compiling class template member function 'std::basic_ostream<char,std::char_traits<char>> &std::basic_ostream<char,std::char_traits<char>>::operator <<(double)'
C:\Users\achic\OneDrive\Documentos\motors_de_videojocs\SI\documents\MathGeoLib-master\src\Math\assume.h(126): message : see reference to function template instantiation 'std::basic_ostream<char,std::char_traits<char>> &std::basic_ostream<char,std::char_traits<char>>::operator <<(double)' being compiled
C:\Program Files (x86)\Microsoft Visual Studio\2019\Community\VC\Tools\MSVC\14.29.30133\include\istream(708): message : see reference to class template instantiation 'std::basic_ostream<char,std::char_traits<char>>' being compiled
C:\Program Files (x86)\Microsoft Visual Studio\2019\Community\VC\Tools\MSVC\14.29.30133\include\sstream(786): message : see reference to class template instantiation 'std::basic_iostream<char,std::char_traits<char>>' being compiled
C:\Users\achic\OneDrive\Documentos\motors_de_videojocs\SI\documents\MathGeoLib-master\src\Math\assume.h(113): message : see reference to class template instantiation 'std::basic_stringstream<char,std::char_traits<char>,std::allocator<char>>' being compiled
  Sphere.cpp
C:\Users\achic\OneDrive\Documentos\motors_de_videojocs\SI\documents\MathGeoLib-master\src\Geometry\Sphere.cpp(1397,2): warning C4996: 'sprintf': This function or variable may be unsafe. Consider using sprintf_s instead. To disable deprecation, use _CRT_SECURE_NO_WARNINGS. See online help for details.
C:\Users\achic\OneDrive\Documentos\motors_de_videojocs\SI\documents\MathGeoLib-master\src\Geometry\Sphere.cpp(1417,2): warning C4996: 'sprintf': This function or variable may be unsafe. Consider using sprintf_s instead. To disable deprecation, use _CRT_SECURE_NO_WARNINGS. See online help for details.
C:\Program Files (x86)\Microsoft Visual Studio\2019\Community\VC\Tools\MSVC\14.29.30133\include\ostream(410,1): warning C4530: C++ exception handler used, but unwind semantics are not enabled. Specify /EHsc
C:\Program Files (x86)\Microsoft Visual Studio\2019\Community\VC\Tools\MSVC\14.29.30133\include\ostream(403): message : while compiling class template member function 'std::basic_ostream<char,std::char_traits<char>> &std::basic_ostream<char,std::char_traits<char>>::operator <<(double)'
C:\Users\achic\OneDrive\Documentos\motors_de_videojocs\SI\documents\MathGeoLib-master\src\Math\assume.h(126): message : see reference to function template instantiation 'std::basic_ostream<char,std::char_traits<char>> &std::basic_ostream<char,std::char_traits<char>>::operator <<(double)' being compiled
C:\Program Files (x86)\Microsoft Visual Studio\2019\Community\VC\Tools\MSVC\14.29.30133\include\istream(708): message : see reference to class template instantiation 'std::basic_ostream<char,std::char_traits<char>>' being compiled
C:\Program Files (x86)\Microsoft Visual Studio\2019\Community\VC\Tools\MSVC\14.29.30133\include\sstream(786): message : see reference to class template instantiation 'std::basic_iostream<char,std::char_traits<char>>' being compiled
C:\Users\achic\OneDrive\Documentos\motors_de_videojocs\SI\documents\MathGeoLib-master\src\Math\assume.h(113): message : see reference to class template instantiation 'std::basic_stringstream<char,std::char_traits<char>,std::allocator<char>>' being compiled
  Triangle.cpp
C:\Users\achic\OneDrive\Documentos\motors_de_videojocs\SI\documents\MathGeoLib-master\src\Geometry\Triangle.cpp(1956,2): warning C4996: 'sprintf': This function or variable may be unsafe. Consider using sprintf_s instead. To disable deprecation, use _CRT_SECURE_NO_WARNINGS. See online help for details.
C:\Program Files (x86)\Microsoft Visual Studio\2019\Community\VC\Tools\MSVC\14.29.30133\include\ostream(410,1): warning C4530: C++ exception handler used, but unwind semantics are not enabled. Specify /EHsc
C:\Program Files (x86)\Microsoft Visual Studio\2019\Community\VC\Tools\MSVC\14.29.30133\include\ostream(403): message : while compiling class template member function 'std::basic_ostream<char,std::char_traits<char>> &std::basic_ostream<char,std::char_traits<char>>::operator <<(double)'
C:\Users\achic\OneDrive\Documentos\motors_de_videojocs\SI\documents\MathGeoLib-master\src\Math\assume.h(126): message : see reference to function template instantiation 'std::basic_ostream<char,std::char_traits<char>> &std::basic_ostream<char,std::char_traits<char>>::operator <<(double)' being compiled
C:\Program Files (x86)\Microsoft Visual Studio\2019\Community\VC\Tools\MSVC\14.29.30133\include\istream(708): message : see reference to class template instantiation 'std::basic_ostream<char,std::char_traits<char>>' being compiled
C:\Program Files (x86)\Microsoft Visual Studio\2019\Community\VC\Tools\MSVC\14.29.30133\include\sstream(786): message : see reference to class template instantiation 'std::basic_iostream<char,std::char_traits<char>>' being compiled
C:\Users\achic\OneDrive\Documentos\motors_de_videojocs\SI\documents\MathGeoLib-master\src\Math\assume.h(113): message : see reference to class template instantiation 'std::basic_stringstream<char,std::char_traits<char>,std::allocator<char>>' being compiled
  Triangle2D.cpp
C:\Users\achic\OneDrive\Documentos\motors_de_videojocs\SI\documents\MathGeoLib-master\src\Geometry\AABB2D.h(191,3): warning C4996: 'sprintf': This function or variable may be unsafe. Consider using sprintf_s instead. To disable deprecation, use _CRT_SECURE_NO_WARNINGS. See online help for details.
C:\Users\achic\OneDrive\Documentos\motors_de_videojocs\SI\documents\MathGeoLib-master\src\Geometry\Triangle2D.cpp(1699,2): warning C4996: 'sprintf': This function or variable may be unsafe. Consider using sprintf_s instead. To disable deprecation, use _CRT_SECURE_NO_WARNINGS. See online help for details.
C:\Program Files (x86)\Microsoft Visual Studio\2019\Community\VC\Tools\MSVC\14.29.30133\include\ostream(410,1): warning C4530: C++ exception handler used, but unwind semantics are not enabled. Specify /EHsc
C:\Program Files (x86)\Microsoft Visual Studio\2019\Community\VC\Tools\MSVC\14.29.30133\include\ostream(403): message : while compiling class template member function 'std::basic_ostream<char,std::char_traits<char>> &std::basic_ostream<char,std::char_traits<char>>::operator <<(double)'
C:\Users\achic\OneDrive\Documentos\motors_de_videojocs\SI\documents\MathGeoLib-master\src\Math\assume.h(126): message : see reference to function template instantiation 'std::basic_ostream<char,std::char_traits<char>> &std::basic_ostream<char,std::char_traits<char>>::operator <<(double)' being compiled
C:\Program Files (x86)\Microsoft Visual Studio\2019\Community\VC\Tools\MSVC\14.29.30133\include\istream(708): message : see reference to class template instantiation 'std::basic_ostream<char,std::char_traits<char>>' being compiled
C:\Program Files (x86)\Microsoft Visual Studio\2019\Community\VC\Tools\MSVC\14.29.30133\include\sstream(786): message : see reference to class template instantiation 'std::basic_iostream<char,std::char_traits<char>>' being compiled
C:\Users\achic\OneDrive\Documentos\motors_de_videojocs\SI\documents\MathGeoLib-master\src\Math\assume.h(113): message : see reference to class template instantiation 'std::basic_stringstream<char,std::char_traits<char>,std::allocator<char>>' being compiled
  TriangleMesh.cpp
C:\Program Files (x86)\Microsoft Visual Studio\2019\Community\VC\Tools\MSVC\14.29.30133\include\ostream(410,1): warning C4530: C++ exception handler used, but unwind semantics are not enabled. Specify /EHsc
C:\Program Files (x86)\Microsoft Visual Studio\2019\Community\VC\Tools\MSVC\14.29.30133\include\ostream(403): message : while compiling class template member function 'std::basic_ostream<char,std::char_traits<char>> &std::basic_ostream<char,std::char_traits<char>>::operator <<(double)'
C:\Users\achic\OneDrive\Documentos\motors_de_videojocs\SI\documents\MathGeoLib-master\src\Math\assume.h(126): message : see reference to function template instantiation 'std::basic_ostream<char,std::char_traits<char>> &std::basic_ostream<char,std::char_traits<char>>::operator <<(double)' being compiled
C:\Program Files (x86)\Microsoft Visual Studio\2019\Community\VC\Tools\MSVC\14.29.30133\include\istream(708): message : see reference to class template instantiation 'std::basic_ostream<char,std::char_traits<char>>' being compiled
C:\Program Files (x86)\Microsoft Visual Studio\2019\Community\VC\Tools\MSVC\14.29.30133\include\sstream(786): message : see reference to class template instantiation 'std::basic_iostream<char,std::char_traits<char>>' being compiled
C:\Users\achic\OneDrive\Documentos\motors_de_videojocs\SI\documents\MathGeoLib-master\src\Math\assume.h(113): message : see reference to class template instantiation 'std::basic_stringstream<char,std::char_traits<char>,std::allocator<char>>' being compiled
  BitOps.cpp
C:\Program Files (x86)\Microsoft Visual Studio\2019\Community\VC\Tools\MSVC\14.29.30133\include\ostream(410,1): warning C4530: C++ exception handler used, but unwind semantics are not enabled. Specify /EHsc
C:\Program Files (x86)\Microsoft Visual Studio\2019\Community\VC\Tools\MSVC\14.29.30133\include\ostream(403): message : while compiling class template member function 'std::basic_ostream<char,std::char_traits<char>> &std::basic_ostream<char,std::char_traits<char>>::operator <<(double)'
C:\Users\achic\OneDrive\Documentos\motors_de_videojocs\SI\documents\MathGeoLib-master\src\Math\assume.h(126): message : see reference to function template instantiation 'std::basic_ostream<char,std::char_traits<char>> &std::basic_ostream<char,std::char_traits<char>>::operator <<(double)' being compiled
C:\Program Files (x86)\Microsoft Visual Studio\2019\Community\VC\Tools\MSVC\14.29.30133\include\istream(708): message : see reference to class template instantiation 'std::basic_ostream<char,std::char_traits<char>>' being compiled
C:\Program Files (x86)\Microsoft Visual Studio\2019\Community\VC\Tools\MSVC\14.29.30133\include\sstream(786): message : see reference to class template instantiation 'std::basic_iostream<char,std::char_traits<char>>' being compiled
C:\Users\achic\OneDrive\Documentos\motors_de_videojocs\SI\documents\MathGeoLib-master\src\Math\assume.h(113): message : see reference to class template instantiation 'std::basic_stringstream<char,std::char_traits<char>,std::allocator<char>>' being compiled
  Callstack.cpp
C:\Program Files (x86)\Microsoft Visual Studio\2019\Community\VC\Tools\MSVC\14.29.30133\include\ostream(410,1): warning C4530: C++ exception handler used, but unwind semantics are not enabled. Specify /EHsc
C:\Program Files (x86)\Microsoft Visual Studio\2019\Community\VC\Tools\MSVC\14.29.30133\include\ostream(403): message : while compiling class template member function 'std::basic_ostream<char,std::char_traits<char>> &std::basic_ostream<char,std::char_traits<char>>::operator <<(double)'
C:\Users\achic\OneDrive\Documentos\motors_de_videojocs\SI\documents\MathGeoLib-master\src\Math\assume.h(126): message : see reference to function template instantiation 'std::basic_ostream<char,std::char_traits<char>> &std::basic_ostream<char,std::char_traits<char>>::operator <<(double)' being compiled
C:\Program Files (x86)\Microsoft Visual Studio\2019\Community\VC\Tools\MSVC\14.29.30133\include\istream(708): message : see reference to class template instantiation 'std::basic_ostream<char,std::char_traits<char>>' being compiled
C:\Program Files (x86)\Microsoft Visual Studio\2019\Community\VC\Tools\MSVC\14.29.30133\include\sstream(786): message : see reference to class template instantiation 'std::basic_iostream<char,std::char_traits<char>>' being compiled
C:\Users\achic\OneDrive\Documentos\motors_de_videojocs\SI\documents\MathGeoLib-master\src\Math\assume.h(113): message : see reference to class template instantiation 'std::basic_stringstream<char,std::char_traits<char>,std::allocator<char>>' being compiled
  float2.cpp
C:\Users\achic\OneDrive\Documentos\motors_de_videojocs\SI\documents\MathGeoLib-master\src\Math\float2.cpp(219,2): warning C4996: 'sprintf': This function or variable may be unsafe. Consider using sprintf_s instead. To disable deprecation, use _CRT_SECURE_NO_WARNINGS. See online help for details.
C:\Program Files (x86)\Microsoft Visual Studio\2019\Community\VC\Tools\MSVC\14.29.30133\include\ostream(410,1): warning C4530: C++ exception handler used, but unwind semantics are not enabled. Specify /EHsc
C:\Program Files (x86)\Microsoft Visual Studio\2019\Community\VC\Tools\MSVC\14.29.30133\include\ostream(403): message : while compiling class template member function 'std::basic_ostream<char,std::char_traits<char>> &std::basic_ostream<char,std::char_traits<char>>::operator <<(double)'
C:\Users\achic\OneDrive\Documentos\motors_de_videojocs\SI\documents\MathGeoLib-master\src\Math\assume.h(126): message : see reference to function template instantiation 'std::basic_ostream<char,std::char_traits<char>> &std::basic_ostream<char,std::char_traits<char>>::operator <<(double)' being compiled
C:\Program Files (x86)\Microsoft Visual Studio\2019\Community\VC\Tools\MSVC\14.29.30133\include\istream(708): message : see reference to class template instantiation 'std::basic_ostream<char,std::char_traits<char>>' being compiled
C:\Program Files (x86)\Microsoft Visual Studio\2019\Community\VC\Tools\MSVC\14.29.30133\include\sstream(786): message : see reference to class template instantiation 'std::basic_iostream<char,std::char_traits<char>>' being compiled
C:\Users\achic\OneDrive\Documentos\motors_de_videojocs\SI\documents\MathGeoLib-master\src\Math\assume.h(113): message : see reference to class template instantiation 'std::basic_stringstream<char,std::char_traits<char>,std::allocator<char>>' being compiled
  Compiling...
  float3.cpp
C:\Users\achic\OneDrive\Documentos\motors_de_videojocs\SI\documents\MathGeoLib-master\src\Math\float3.cpp(216,2): warning C4996: 'sprintf': This function or variable may be unsafe. Consider using sprintf_s instead. To disable deprecation, use _CRT_SECURE_NO_WARNINGS. See online help for details.
C:\Program Files (x86)\Microsoft Visual Studio\2019\Community\VC\Tools\MSVC\14.29.30133\include\ostream(410,1): warning C4530: C++ exception handler used, but unwind semantics are not enabled. Specify /EHsc
C:\Program Files (x86)\Microsoft Visual Studio\2019\Community\VC\Tools\MSVC\14.29.30133\include\ostream(403): message : while compiling class template member function 'std::basic_ostream<char,std::char_traits<char>> &std::basic_ostream<char,std::char_traits<char>>::operator <<(double)'
C:\Users\achic\OneDrive\Documentos\motors_de_videojocs\SI\documents\MathGeoLib-master\src\Math\assume.h(126): message : see reference to function template instantiation 'std::basic_ostream<char,std::char_traits<char>> &std::basic_ostream<char,std::char_traits<char>>::operator <<(double)' being compiled
C:\Program Files (x86)\Microsoft Visual Studio\2019\Community\VC\Tools\MSVC\14.29.30133\include\istream(708): message : see reference to class template instantiation 'std::basic_ostream<char,std::char_traits<char>>' being compiled
C:\Program Files (x86)\Microsoft Visual Studio\2019\Community\VC\Tools\MSVC\14.29.30133\include\sstream(786): message : see reference to class template instantiation 'std::basic_iostream<char,std::char_traits<char>>' being compiled
C:\Users\achic\OneDrive\Documentos\motors_de_videojocs\SI\documents\MathGeoLib-master\src\Math\assume.h(113): message : see reference to class template instantiation 'std::basic_stringstream<char,std::char_traits<char>,std::allocator<char>>' being compiled
  float3x3.cpp
C:\Users\achic\OneDrive\Documentos\motors_de_videojocs\SI\documents\MathGeoLib-master\src\Math\float3x3.cpp(1418,2): warning C4996: 'sprintf': This function or variable may be unsafe. Consider using sprintf_s instead. To disable deprecation, use _CRT_SECURE_NO_WARNINGS. See online help for details.
C:\Users\achic\OneDrive\Documentos\motors_de_videojocs\SI\documents\MathGeoLib-master\src\Math\float3x3.cpp(1446,2): warning C4996: 'sprintf': This function or variable may be unsafe. Consider using sprintf_s instead. To disable deprecation, use _CRT_SECURE_NO_WARNINGS. See online help for details.
C:\Program Files (x86)\Microsoft Visual Studio\2019\Community\VC\Tools\MSVC\14.29.30133\include\ostream(410,1): warning C4530: C++ exception handler used, but unwind semantics are not enabled. Specify /EHsc
C:\Program Files (x86)\Microsoft Visual Studio\2019\Community\VC\Tools\MSVC\14.29.30133\include\ostream(403): message : while compiling class template member function 'std::basic_ostream<char,std::char_traits<char>> &std::basic_ostream<char,std::char_traits<char>>::operator <<(double)'
C:\Users\achic\OneDrive\Documentos\motors_de_videojocs\SI\documents\MathGeoLib-master\src\Math\assume.h(126): message : see reference to function template instantiation 'std::basic_ostream<char,std::char_traits<char>> &std::basic_ostream<char,std::char_traits<char>>::operator <<(double)' being compiled
C:\Program Files (x86)\Microsoft Visual Studio\2019\Community\VC\Tools\MSVC\14.29.30133\include\istream(708): message : see reference to class template instantiation 'std::basic_ostream<char,std::char_traits<char>>' being compiled
C:\Program Files (x86)\Microsoft Visual Studio\2019\Community\VC\Tools\MSVC\14.29.30133\include\sstream(786): message : see reference to class template instantiation 'std::basic_iostream<char,std::char_traits<char>>' being compiled
C:\Users\achic\OneDrive\Documentos\motors_de_videojocs\SI\documents\MathGeoLib-master\src\Math\assume.h(113): message : see reference to class template instantiation 'std::basic_stringstream<char,std::char_traits<char>,std::allocator<char>>' being compiled
  float3x4.cpp
C:\Users\achic\OneDrive\Documentos\motors_de_videojocs\SI\documents\MathGeoLib-master\src\Math\float3x4.cpp(1554,2): warning C4996: 'sprintf': This function or variable may be unsafe. Consider using sprintf_s instead. To disable deprecation, use _CRT_SECURE_NO_WARNINGS. See online help for details.
C:\Users\achic\OneDrive\Documentos\motors_de_videojocs\SI\documents\MathGeoLib-master\src\Math\float3x4.cpp(1585,2): warning C4996: 'sprintf': This function or variable may be unsafe. Consider using sprintf_s instead. To disable deprecation, use _CRT_SECURE_NO_WARNINGS. See online help for details.
C:\Program Files (x86)\Microsoft Visual Studio\2019\Community\VC\Tools\MSVC\14.29.30133\include\ostream(410,1): warning C4530: C++ exception handler used, but unwind semantics are not enabled. Specify /EHsc
C:\Program Files (x86)\Microsoft Visual Studio\2019\Community\VC\Tools\MSVC\14.29.30133\include\ostream(403): message : while compiling class template member function 'std::basic_ostream<char,std::char_traits<char>> &std::basic_ostream<char,std::char_traits<char>>::operator <<(double)'
C:\Users\achic\OneDrive\Documentos\motors_de_videojocs\SI\documents\MathGeoLib-master\src\Math\assume.h(126): message : see reference to function template instantiation 'std::basic_ostream<char,std::char_traits<char>> &std::basic_ostream<char,std::char_traits<char>>::operator <<(double)' being compiled
C:\Program Files (x86)\Microsoft Visual Studio\2019\Community\VC\Tools\MSVC\14.29.30133\include\istream(708): message : see reference to class template instantiation 'std::basic_ostream<char,std::char_traits<char>>' being compiled
C:\Program Files (x86)\Microsoft Visual Studio\2019\Community\VC\Tools\MSVC\14.29.30133\include\sstream(786): message : see reference to class template instantiation 'std::basic_iostream<char,std::char_traits<char>>' being compiled
C:\Users\achic\OneDrive\Documentos\motors_de_videojocs\SI\documents\MathGeoLib-master\src\Math\assume.h(113): message : see reference to class template instantiation 'std::basic_stringstream<char,std::char_traits<char>,std::allocator<char>>' being compiled
  float4.cpp
C:\Users\achic\OneDrive\Documentos\motors_de_videojocs\SI\documents\MathGeoLib-master\src\Math\float4.cpp(508,2): warning C4996: 'sprintf': This function or variable may be unsafe. Consider using sprintf_s instead. To disable deprecation, use _CRT_SECURE_NO_WARNINGS. See online help for details.
C:\Program Files (x86)\Microsoft Visual Studio\2019\Community\VC\Tools\MSVC\14.29.30133\include\ostream(410,1): warning C4530: C++ exception handler used, but unwind semantics are not enabled. Specify /EHsc
C:\Program Files (x86)\Microsoft Visual Studio\2019\Community\VC\Tools\MSVC\14.29.30133\include\ostream(403): message : while compiling class template member function 'std::basic_ostream<char,std::char_traits<char>> &std::basic_ostream<char,std::char_traits<char>>::operator <<(double)'
C:\Users\achic\OneDrive\Documentos\motors_de_videojocs\SI\documents\MathGeoLib-master\src\Math\assume.h(126): message : see reference to function template instantiation 'std::basic_ostream<char,std::char_traits<char>> &std::basic_ostream<char,std::char_traits<char>>::operator <<(double)' being compiled
C:\Program Files (x86)\Microsoft Visual Studio\2019\Community\VC\Tools\MSVC\14.29.30133\include\istream(708): message : see reference to class template instantiation 'std::basic_ostream<char,std::char_traits<char>>' being compiled
C:\Program Files (x86)\Microsoft Visual Studio\2019\Community\VC\Tools\MSVC\14.29.30133\include\sstream(786): message : see reference to class template instantiation 'std::basic_iostream<char,std::char_traits<char>>' being compiled
C:\Users\achic\OneDrive\Documentos\motors_de_videojocs\SI\documents\MathGeoLib-master\src\Math\assume.h(113): message : see reference to class template instantiation 'std::basic_stringstream<char,std::char_traits<char>,std::allocator<char>>' being compiled
  float4d.cpp
C:\Users\achic\OneDrive\Documentos\motors_de_videojocs\SI\documents\MathGeoLib-master\src\Math\float4d.cpp(35,2): warning C4996: 'sprintf': This function or variable may be unsafe. Consider using sprintf_s instead. To disable deprecation, use _CRT_SECURE_NO_WARNINGS. See online help for details.
C:\Program Files (x86)\Microsoft Visual Studio\2019\Community\VC\Tools\MSVC\14.29.30133\include\ostream(410,1): warning C4530: C++ exception handler used, but unwind semantics are not enabled. Specify /EHsc
C:\Program Files (x86)\Microsoft Visual Studio\2019\Community\VC\Tools\MSVC\14.29.30133\include\ostream(403): message : while compiling class template member function 'std::basic_ostream<char,std::char_traits<char>> &std::basic_ostream<char,std::char_traits<char>>::operator <<(double)'
C:\Users\achic\OneDrive\Documentos\motors_de_videojocs\SI\documents\MathGeoLib-master\src\Math\assume.h(126): message : see reference to function template instantiation 'std::basic_ostream<char,std::char_traits<char>> &std::basic_ostream<char,std::char_traits<char>>::operator <<(double)' being compiled
C:\Program Files (x86)\Microsoft Visual Studio\2019\Community\VC\Tools\MSVC\14.29.30133\include\istream(708): message : see reference to class template instantiation 'std::basic_ostream<char,std::char_traits<char>>' being compiled
C:\Program Files (x86)\Microsoft Visual Studio\2019\Community\VC\Tools\MSVC\14.29.30133\include\sstream(786): message : see reference to class template instantiation 'std::basic_iostream<char,std::char_traits<char>>' being compiled
C:\Users\achic\OneDrive\Documentos\motors_de_videojocs\SI\documents\MathGeoLib-master\src\Math\assume.h(113): message : see reference to class template instantiation 'std::basic_stringstream<char,std::char_traits<char>,std::allocator<char>>' being compiled
  float4x4.cpp
C:\Users\achic\OneDrive\Documentos\motors_de_videojocs\SI\documents\MathGeoLib-master\src\Math\float4x4.cpp(1998,2): warning C4996: 'sprintf': This function or variable may be unsafe. Consider using sprintf_s instead. To disable deprecation, use _CRT_SECURE_NO_WARNINGS. See online help for details.
C:\Users\achic\OneDrive\Documentos\motors_de_videojocs\SI\documents\MathGeoLib-master\src\Math\float4x4.cpp(2034,2): warning C4996: 'sprintf': This function or variable may be unsafe. Consider using sprintf_s instead. To disable deprecation, use _CRT_SECURE_NO_WARNINGS. See online help for details.
C:\Program Files (x86)\Microsoft Visual Studio\2019\Community\VC\Tools\MSVC\14.29.30133\include\ostream(410,1): warning C4530: C++ exception handler used, but unwind semantics are not enabled. Specify /EHsc
C:\Program Files (x86)\Microsoft Visual Studio\2019\Community\VC\Tools\MSVC\14.29.30133\include\ostream(403): message : while compiling class template member function 'std::basic_ostream<char,std::char_traits<char>> &std::basic_ostream<char,std::char_traits<char>>::operator <<(double)'
C:\Users\achic\OneDrive\Documentos\motors_de_videojocs\SI\documents\MathGeoLib-master\src\Math\assume.h(126): message : see reference to function template instantiation 'std::basic_ostream<char,std::char_traits<char>> &std::basic_ostream<char,std::char_traits<char>>::operator <<(double)' being compiled
C:\Program Files (x86)\Microsoft Visual Studio\2019\Community\VC\Tools\MSVC\14.29.30133\include\istream(708): message : see reference to class template instantiation 'std::basic_ostream<char,std::char_traits<char>>' being compiled
C:\Program Files (x86)\Microsoft Visual Studio\2019\Community\VC\Tools\MSVC\14.29.30133\include\sstream(786): message : see reference to class template instantiation 'std::basic_iostream<char,std::char_traits<char>>' being compiled
C:\Users\achic\OneDrive\Documentos\motors_de_videojocs\SI\documents\MathGeoLib-master\src\Math\assume.h(113): message : see reference to class template instantiation 'std::basic_stringstream<char,std::char_traits<char>,std::allocator<char>>' being compiled
  grisu3_cpp.cpp
  MathFunc.cpp
C:\Users\achic\OneDrive\Documentos\motors_de_videojocs\SI\documents\MathGeoLib-master\src\Math\MathFunc.cpp(639,18): warning C4996: 'sprintf': This function or variable may be unsafe. Consider using sprintf_s instead. To disable deprecation, use _CRT_SECURE_NO_WARNINGS. See online help for details.
C:\Users\achic\OneDrive\Documentos\motors_de_videojocs\SI\documents\MathGeoLib-master\src\Math\MathFunc.cpp(656,11): warning C4996: 'sscanf': This function or variable may be unsafe. Consider using sscanf_s instead. To disable deprecation, use _CRT_SECURE_NO_WARNINGS. See online help for details.
C:\Program Files (x86)\Microsoft Visual Studio\2019\Community\VC\Tools\MSVC\14.29.30133\include\ostream(410,1): warning C4530: C++ exception handler used, but unwind semantics are not enabled. Specify /EHsc
C:\Program Files (x86)\Microsoft Visual Studio\2019\Community\VC\Tools\MSVC\14.29.30133\include\ostream(403): message : while compiling class template member function 'std::basic_ostream<char,std::char_traits<char>> &std::basic_ostream<char,std::char_traits<char>>::operator <<(double)'
C:\Users\achic\OneDrive\Documentos\motors_de_videojocs\SI\documents\MathGeoLib-master\src\Math\assume.h(126): message : see reference to function template instantiation 'std::basic_ostream<char,std::char_traits<char>> &std::basic_ostream<char,std::char_traits<char>>::operator <<(double)' being compiled
C:\Program Files (x86)\Microsoft Visual Studio\2019\Community\VC\Tools\MSVC\14.29.30133\include\istream(708): message : see reference to class template instantiation 'std::basic_ostream<char,std::char_traits<char>>' being compiled
C:\Program Files (x86)\Microsoft Visual Studio\2019\Community\VC\Tools\MSVC\14.29.30133\include\sstream(786): message : see reference to class template instantiation 'std::basic_iostream<char,std::char_traits<char>>' being compiled
C:\Users\achic\OneDrive\Documentos\motors_de_videojocs\SI\documents\MathGeoLib-master\src\Math\assume.h(113): message : see reference to class template instantiation 'std::basic_stringstream<char,std::char_traits<char>,std::allocator<char>>' being compiled
  MathLog.cpp
C:\Program Files (x86)\Microsoft Visual Studio\2019\Community\VC\Tools\MSVC\14.29.30133\include\ostream(410,1): warning C4530: C++ exception handler used, but unwind semantics are not enabled. Specify /EHsc
C:\Program Files (x86)\Microsoft Visual Studio\2019\Community\VC\Tools\MSVC\14.29.30133\include\ostream(403): message : while compiling class template member function 'std::basic_ostream<char,std::char_traits<char>> &std::basic_ostream<char,std::char_traits<char>>::operator <<(double)'
C:\Users\achic\OneDrive\Documentos\motors_de_videojocs\SI\documents\MathGeoLib-master\src\Math\assume.h(126): message : see reference to function template instantiation 'std::basic_ostream<char,std::char_traits<char>> &std::basic_ostream<char,std::char_traits<char>>::operator <<(double)' being compiled
C:\Program Files (x86)\Microsoft Visual Studio\2019\Community\VC\Tools\MSVC\14.29.30133\include\istream(708): message : see reference to class template instantiation 'std::basic_ostream<char,std::char_traits<char>>' being compiled
C:\Program Files (x86)\Microsoft Visual Studio\2019\Community\VC\Tools\MSVC\14.29.30133\include\sstream(786): message : see reference to class template instantiation 'std::basic_iostream<char,std::char_traits<char>>' being compiled
C:\Users\achic\OneDrive\Documentos\motors_de_videojocs\SI\documents\MathGeoLib-master\src\Math\assume.h(113): message : see reference to class template instantiation 'std::basic_stringstream<char,std::char_traits<char>,std::allocator<char>>' being compiled
  MathOps.cpp
C:\Program Files (x86)\Microsoft Visual Studio\2019\Community\VC\Tools\MSVC\14.29.30133\include\ostream(410,1): warning C4530: C++ exception handler used, but unwind semantics are not enabled. Specify /EHsc
C:\Program Files (x86)\Microsoft Visual Studio\2019\Community\VC\Tools\MSVC\14.29.30133\include\ostream(403): message : while compiling class template member function 'std::basic_ostream<char,std::char_traits<char>> &std::basic_ostream<char,std::char_traits<char>>::operator <<(double)'
C:\Users\achic\OneDrive\Documentos\motors_de_videojocs\SI\documents\MathGeoLib-master\src\Math\assume.h(126): message : see reference to function template instantiation 'std::basic_ostream<char,std::char_traits<char>> &std::basic_ostream<char,std::char_traits<char>>::operator <<(double)' being compiled
C:\Program Files (x86)\Microsoft Visual Studio\2019\Community\VC\Tools\MSVC\14.29.30133\include\istream(708): message : see reference to class template instantiation 'std::basic_ostream<char,std::char_traits<char>>' being compiled
C:\Program Files (x86)\Microsoft Visual Studio\2019\Community\VC\Tools\MSVC\14.29.30133\include\sstream(786): message : see reference to class template instantiation 'std::basic_iostream<char,std::char_traits<char>>' being compiled
C:\Users\achic\OneDrive\Documentos\motors_de_videojocs\SI\documents\MathGeoLib-master\src\Math\assume.h(113): message : see reference to class template instantiation 'std::basic_stringstream<char,std::char_traits<char>,std::allocator<char>>' being compiled
  MiniFloat.cpp
C:\Program Files (x86)\Microsoft Visual Studio\2019\Community\VC\Tools\MSVC\14.29.30133\include\ostream(410,1): warning C4530: C++ exception handler used, but unwind semantics are not enabled. Specify /EHsc
C:\Program Files (x86)\Microsoft Visual Studio\2019\Community\VC\Tools\MSVC\14.29.30133\include\ostream(403): message : while compiling class template member function 'std::basic_ostream<char,std::char_traits<char>> &std::basic_ostream<char,std::char_traits<char>>::operator <<(double)'
C:\Users\achic\OneDrive\Documentos\motors_de_videojocs\SI\documents\MathGeoLib-master\src\Math\assume.h(126): message : see reference to function template instantiation 'std::basic_ostream<char,std::char_traits<char>> &std::basic_ostream<char,std::char_traits<char>>::operator <<(double)' being compiled
C:\Program Files (x86)\Microsoft Visual Studio\2019\Community\VC\Tools\MSVC\14.29.30133\include\istream(708): message : see reference to class template instantiation 'std::basic_ostream<char,std::char_traits<char>>' being compiled
C:\Program Files (x86)\Microsoft Visual Studio\2019\Community\VC\Tools\MSVC\14.29.30133\include\sstream(786): message : see reference to class template instantiation 'std::basic_iostream<char,std::char_traits<char>>' being compiled
C:\Users\achic\OneDrive\Documentos\motors_de_videojocs\SI\documents\MathGeoLib-master\src\Math\assume.h(113): message : see reference to class template instantiation 'std::basic_stringstream<char,std::char_traits<char>,std::allocator<char>>' being compiled
  Polynomial.cpp
C:\Program Files (x86)\Microsoft Visual Studio\2019\Community\VC\Tools\MSVC\14.29.30133\include\ostream(410,1): warning C4530: C++ exception handler used, but unwind semantics are not enabled. Specify /EHsc
C:\Program Files (x86)\Microsoft Visual Studio\2019\Community\VC\Tools\MSVC\14.29.30133\include\ostream(403): message : while compiling class template member function 'std::basic_ostream<char,std::char_traits<char>> &std::basic_ostream<char,std::char_traits<char>>::operator <<(double)'
C:\Users\achic\OneDrive\Documentos\motors_de_videojocs\SI\documents\MathGeoLib-master\src\Math\assume.h(126): message : see reference to function template instantiation 'std::basic_ostream<char,std::char_traits<char>> &std::basic_ostream<char,std::char_traits<char>>::operator <<(double)' being compiled
C:\Program Files (x86)\Microsoft Visual Studio\2019\Community\VC\Tools\MSVC\14.29.30133\include\istream(708): message : see reference to class template instantiation 'std::basic_ostream<char,std::char_traits<char>>' being compiled
C:\Program Files (x86)\Microsoft Visual Studio\2019\Community\VC\Tools\MSVC\14.29.30133\include\sstream(786): message : see reference to class template instantiation 'std::basic_iostream<char,std::char_traits<char>>' being compiled
C:\Users\achic\OneDrive\Documentos\motors_de_videojocs\SI\documents\MathGeoLib-master\src\Math\assume.h(113): message : see reference to class template instantiation 'std::basic_stringstream<char,std::char_traits<char>,std::allocator<char>>' being compiled
  Quat.cpp
C:\Users\achic\OneDrive\Documentos\motors_de_videojocs\SI\documents\MathGeoLib-master\src\Math\Quat.cpp(792,2): warning C4996: 'sprintf': This function or variable may be unsafe. Consider using sprintf_s instead. To disable deprecation, use _CRT_SECURE_NO_WARNINGS. See online help for details.
C:\Users\achic\OneDrive\Documentos\motors_de_videojocs\SI\documents\MathGeoLib-master\src\Math\Quat.cpp(802,2): warning C4996: 'sprintf': This function or variable may be unsafe. Consider using sprintf_s instead. To disable deprecation, use _CRT_SECURE_NO_WARNINGS. See online help for details.
C:\Program Files (x86)\Microsoft Visual Studio\2019\Community\VC\Tools\MSVC\14.29.30133\include\ostream(410,1): warning C4530: C++ exception handler used, but unwind semantics are not enabled. Specify /EHsc
C:\Program Files (x86)\Microsoft Visual Studio\2019\Community\VC\Tools\MSVC\14.29.30133\include\ostream(403): message : while compiling class template member function 'std::basic_ostream<char,std::char_traits<char>> &std::basic_ostream<char,std::char_traits<char>>::operator <<(double)'
C:\Users\achic\OneDrive\Documentos\motors_de_videojocs\SI\documents\MathGeoLib-master\src\Math\assume.h(126): message : see reference to function template instantiation 'std::basic_ostream<char,std::char_traits<char>> &std::basic_ostream<char,std::char_traits<char>>::operator <<(double)' being compiled
C:\Program Files (x86)\Microsoft Visual Studio\2019\Community\VC\Tools\MSVC\14.29.30133\include\istream(708): message : see reference to class template instantiation 'std::basic_ostream<char,std::char_traits<char>>' being compiled
C:\Program Files (x86)\Microsoft Visual Studio\2019\Community\VC\Tools\MSVC\14.29.30133\include\sstream(786): message : see reference to class template instantiation 'std::basic_iostream<char,std::char_traits<char>>' being compiled
C:\Users\achic\OneDrive\Documentos\motors_de_videojocs\SI\documents\MathGeoLib-master\src\Math\assume.h(113): message : see reference to class template instantiation 'std::basic_stringstream<char,std::char_traits<char>,std::allocator<char>>' being compiled
  SSEMath.cpp
C:\Program Files (x86)\Microsoft Visual Studio\2019\Community\VC\Tools\MSVC\14.29.30133\include\ostream(410,1): warning C4530: C++ exception handler used, but unwind semantics are not enabled. Specify /EHsc
C:\Program Files (x86)\Microsoft Visual Studio\2019\Community\VC\Tools\MSVC\14.29.30133\include\ostream(403): message : while compiling class template member function 'std::basic_ostream<char,std::char_traits<char>> &std::basic_ostream<char,std::char_traits<char>>::operator <<(double)'
C:\Users\achic\OneDrive\Documentos\motors_de_videojocs\SI\documents\MathGeoLib-master\src\Math\assume.h(126): message : see reference to function template instantiation 'std::basic_ostream<char,std::char_traits<char>> &std::basic_ostream<char,std::char_traits<char>>::operator <<(double)' being compiled
C:\Program Files (x86)\Microsoft Visual Studio\2019\Community\VC\Tools\MSVC\14.29.30133\include\istream(708): message : see reference to class template instantiation 'std::basic_ostream<char,std::char_traits<char>>' being compiled
C:\Program Files (x86)\Microsoft Visual Studio\2019\Community\VC\Tools\MSVC\14.29.30133\include\sstream(786): message : see reference to class template instantiation 'std::basic_iostream<char,std::char_traits<char>>' being compiled
C:\Users\achic\OneDrive\Documentos\motors_de_videojocs\SI\documents\MathGeoLib-master\src\Math\assume.h(113): message : see reference to class template instantiation 'std::basic_stringstream<char,std::char_traits<char>,std::allocator<char>>' being compiled
  TransformOps.cpp
C:\Users\achic\OneDrive\Documentos\motors_de_videojocs\SI\documents\MathGeoLib-master\src\Math\TransformOps.cpp(77,2): warning C4996: 'sprintf': This function or variable may be unsafe. Consider using sprintf_s instead. To disable deprecation, use _CRT_SECURE_NO_WARNINGS. See online help for details.
C:\Users\achic\OneDrive\Documentos\motors_de_videojocs\SI\documents\MathGeoLib-master\src\Math\TransformOps.cpp(293,2): warning C4996: 'sprintf': This function or variable may be unsafe. Consider using sprintf_s instead. To disable deprecation, use _CRT_SECURE_NO_WARNINGS. See online help for details.
C:\Program Files (x86)\Microsoft Visual Studio\2019\Community\VC\Tools\MSVC\14.29.30133\include\ostream(410,1): warning C4530: C++ exception handler used, but unwind semantics are not enabled. Specify /EHsc
C:\Program Files (x86)\Microsoft Visual Studio\2019\Community\VC\Tools\MSVC\14.29.30133\include\ostream(403): message : while compiling class template member function 'std::basic_ostream<char,std::char_traits<char>> &std::basic_ostream<char,std::char_traits<char>>::operator <<(double)'
C:\Users\achic\OneDrive\Documentos\motors_de_videojocs\SI\documents\MathGeoLib-master\src\Math\assume.h(126): message : see reference to function template instantiation 'std::basic_ostream<char,std::char_traits<char>> &std::basic_ostream<char,std::char_traits<char>>::operator <<(double)' being compiled
C:\Program Files (x86)\Microsoft Visual Studio\2019\Community\VC\Tools\MSVC\14.29.30133\include\istream(708): message : see reference to class template instantiation 'std::basic_ostream<char,std::char_traits<char>>' being compiled
C:\Program Files (x86)\Microsoft Visual Studio\2019\Community\VC\Tools\MSVC\14.29.30133\include\sstream(786): message : see reference to class template instantiation 'std::basic_iostream<char,std::char_traits<char>>' being compiled
C:\Users\achic\OneDrive\Documentos\motors_de_videojocs\SI\documents\MathGeoLib-master\src\Math\assume.h(113): message : see reference to class template instantiation 'std::basic_stringstream<char,std::char_traits<char>,std::allocator<char>>' being compiled
  Clock.cpp
C:\Program Files (x86)\Microsoft Visual Studio\2019\Community\VC\Tools\MSVC\14.29.30133\include\ostream(410,1): warning C4530: C++ exception handler used, but unwind semantics are not enabled. Specify /EHsc
C:\Program Files (x86)\Microsoft Visual Studio\2019\Community\VC\Tools\MSVC\14.29.30133\include\ostream(403): message : while compiling class template member function 'std::basic_ostream<char,std::char_traits<char>> &std::basic_ostream<char,std::char_traits<char>>::operator <<(double)'
C:\Users\achic\OneDrive\Documentos\motors_de_videojocs\SI\documents\MathGeoLib-master\src\Math\assume.h(126): message : see reference to function template instantiation 'std::basic_ostream<char,std::char_traits<char>> &std::basic_ostream<char,std::char_traits<char>>::operator <<(double)' being compiled
C:\Program Files (x86)\Microsoft Visual Studio\2019\Community\VC\Tools\MSVC\14.29.30133\include\istream(708): message : see reference to class template instantiation 'std::basic_ostream<char,std::char_traits<char>>' being compiled
C:\Program Files (x86)\Microsoft Visual Studio\2019\Community\VC\Tools\MSVC\14.29.30133\include\sstream(786): message : see reference to class template instantiation 'std::basic_iostream<char,std::char_traits<char>>' being compiled
C:\Users\achic\OneDrive\Documentos\motors_de_videojocs\SI\documents\MathGeoLib-master\src\Math\assume.h(113): message : see reference to class template instantiation 'std::basic_stringstream<char,std::char_traits<char>,std::allocator<char>>' being compiled
  ModuleAudio.cpp
  ModuleCamera3D.cpp
  ModuleInput.cpp
  ModuleRenderer3D.cpp
  Compiling...
  ModuleScene_01.cpp
  ModuleWindow.cpp
  PerfTimer.cpp
C:\Users\achic\OneDrive\Documentos\motors_de_videojocs\SI\documents\PerfTimer.cpp(15,61): warning C4244: '=': conversion from 'Uint64' to 'float', possible loss of data
C:\Users\achic\OneDrive\Documentos\motors_de_videojocs\SI\documents\PerfTimer.cpp(22,39): warning C4244: '=': conversion from 'Uint64' to 'float', possible loss of data
  Timer.cpp
  grisu3.c
C:\Users\achic\OneDrive\Documentos\motors_de_videojocs\SI\documents\MathGeoLib-master\src\Math\grisu3.c(324,10): warning C4996: 'strcpy': This function or variable may be unsafe. Consider using strcpy_s instead. To disable deprecation, use _CRT_SECURE_NO_WARNINGS. See online help for details.
C:\Users\achic\OneDrive\Documentos\motors_de_videojocs\SI\documents\MathGeoLib-master\src\Math\grisu3.c(365,10): warning C4996: 'strcpy': This function or variable may be unsafe. Consider using strcpy_s instead. To disable deprecation, use _CRT_SECURE_NO_WARNINGS. See online help for details.
C:\Users\achic\OneDrive\Documentos\motors_de_videojocs\SI\documents\MathGeoLib-master\src\Math\grisu3.c(390,10): warning C4996: 'sprintf': This function or variable may be unsafe. Consider using sprintf_s instead. To disable deprecation, use _CRT_SECURE_NO_WARNINGS. See online help for details.
C:\Users\achic\OneDrive\Documentos\motors_de_videojocs\SI\documents\MathGeoLib-master\src\Math\grisu3.c(407,10): warning C4996: 'sprintf': This function or variable may be unsafe. Consider using sprintf_s instead. To disable deprecation, use _CRT_SECURE_NO_WARNINGS. See online help for details.
  Generating code
  Previous IPDB not found, fall back to full compilation.
  All 2930 functions were compiled because no usable IPDB/IOBJ from previous compilation was found.
  Finished generating code
  3D Physics.vcxproj -> C:\Users\achic\OneDrive\Documentos\motors_de_videojocs\SI\documents\Release\Game\3D Physics - class5.exe
