C:\Program Files\Microsoft Visual Studio\2022\Community\MSBuild\Microsoft\VC\v170\Microsoft.CppBuild.targets(500,5): warning MSB8004: Output Directory does not end with a trailing slash.  This build instance will add the slash as it is required to allow proper evaluation of the Output Directory.
  Application.cpp
C:\Users\achic\OneDrive\Documentos\motors_de_videojocs\SI\documents\parson\include\parson.c(200,16): warning C4996: 'fopen': This function or variable may be unsafe. Consider using fopen_s instead. To disable deprecation, use _CRT_SECURE_NO_WARNINGS. See online help for details.
C:\Users\achic\OneDrive\Documentos\motors_de_videojocs\SI\documents\parson\include\parson.c(1229,27): warning C4996: 'sprintf': This function or variable may be unsafe. Consider using sprintf_s instead. To disable deprecation, use _CRT_SECURE_NO_WARNINGS. See online help for details.
C:\Users\achic\OneDrive\Documentos\motors_de_videojocs\SI\documents\parson\include\parson.c(1231,27): warning C4996: 'sprintf': This function or variable may be unsafe. Consider using sprintf_s instead. To disable deprecation, use _CRT_SECURE_NO_WARNINGS. See online help for details.
C:\Users\achic\OneDrive\Documentos\motors_de_videojocs\SI\documents\parson\include\parson.c(1331,12): warning C4996: 'sprintf': This function or variable may be unsafe. Consider using sprintf_s instead. To disable deprecation, use _CRT_SECURE_NO_WARNINGS. See online help for details.
C:\Users\achic\OneDrive\Documentos\motors_de_videojocs\SI\documents\parson\include\parson.c(1802,10): warning C4996: 'fopen': This function or variable may be unsafe. Consider using fopen_s instead. To disable deprecation, use _CRT_SECURE_NO_WARNINGS. See online help for details.
C:\Users\achic\OneDrive\Documentos\motors_de_videojocs\SI\documents\parson\include\parson.c(1862,10): warning C4996: 'fopen': This function or variable may be unsafe. Consider using fopen_s instead. To disable deprecation, use _CRT_SECURE_NO_WARNINGS. See online help for details.
C:\Users\achic\OneDrive\Documentos\motors_de_videojocs\SI\documents\Application.cpp(109,27): warning C4244: '=': conversion from 'double' to 'float', possible loss of data
C:\Users\achic\OneDrive\Documentos\motors_de_videojocs\SI\documents\Application.cpp(156,14): warning C4244: 'initializing': conversion from 'double' to 'float', possible loss of data
C:\Users\achic\OneDrive\Documentos\motors_de_videojocs\SI\documents\Application.cpp(162,47): warning C4244: 'argument': conversion from 'float' to 'Uint32', possible loss of data
C:\Users\achic\OneDrive\Documentos\motors_de_videojocs\SI\documents\Application.cpp(249,46): warning C4805: '==': unsafe mix of type 'update_status' and type 'bool' in operation
C:\Users\achic\OneDrive\Documentos\motors_de_videojocs\SI\documents\Application.cpp(266,46): warning C4805: '==': unsafe mix of type 'update_status' and type 'bool' in operation
C:\Users\achic\OneDrive\Documentos\motors_de_videojocs\SI\documents\Application.cpp(274,46): warning C4805: '==': unsafe mix of type 'update_status' and type 'bool' in operation
  Blue_tool.cpp
  GameObject.cpp
C:\Users\achic\OneDrive\Documentos\motors_de_videojocs\SI\documents\GameObject.cpp(66,3): warning C4996: 'strcpy': This function or variable may be unsafe. Consider using strcpy_s instead. To disable deprecation, use _CRT_SECURE_NO_WARNINGS. See online help for details.
  glmath.cpp
C:\Users\achic\OneDrive\Documentos\motors_de_videojocs\SI\documents\glmath.cpp(12,13): warning C4244: 'return': conversion from 'double' to 'float', possible loss of data
C:\Users\achic\OneDrive\Documentos\motors_de_videojocs\SI\documents\glmath.cpp(27,17): warning C4244: 'argument': conversion from 'double' to 'float', possible loss of data
C:\Users\achic\OneDrive\Documentos\motors_de_videojocs\SI\documents\glmath.cpp(43,34): warning C4244: 'argument': conversion from 'double' to 'float', possible loss of data
C:\Users\achic\OneDrive\Documentos\motors_de_videojocs\SI\documents\glmath.cpp(53,10): warning C4244: 'initializing': conversion from 'double' to 'float', possible loss of data
C:\Users\achic\OneDrive\Documentos\motors_de_videojocs\SI\documents\glmath.cpp(53,26): warning C4244: 'initializing': conversion from 'double' to 'float', possible loss of data
C:\Users\achic\OneDrive\Documentos\motors_de_videojocs\SI\documents\glmath.cpp(72,13): warning C4244: 'return': conversion from 'double' to 'float', possible loss of data
C:\Users\achic\OneDrive\Documentos\motors_de_videojocs\SI\documents\glmath.cpp(87,17): warning C4244: 'argument': conversion from 'double' to 'float', possible loss of data
C:\Users\achic\OneDrive\Documentos\motors_de_videojocs\SI\documents\glmath.cpp(103,34): warning C4244: 'argument': conversion from 'double' to 'float', possible loss of data
C:\Users\achic\OneDrive\Documentos\motors_de_videojocs\SI\documents\glmath.cpp(600,13): warning C4244: 'initializing': conversion from 'double' to 'float', possible loss of data
C:\Users\achic\OneDrive\Documentos\motors_de_videojocs\SI\documents\glmath.cpp(618,10): warning C4244: 'initializing': conversion from 'double' to 'float', possible loss of data
C:\Users\achic\OneDrive\Documentos\motors_de_videojocs\SI\documents\glmath.cpp(618,33): warning C4244: 'initializing': conversion from 'double' to 'float', possible loss of data
C:\Users\achic\OneDrive\Documentos\motors_de_videojocs\SI\documents\glmath.cpp(758,13): warning C4244: 'initializing': conversion from 'double' to 'float', possible loss of data
C:\Users\achic\OneDrive\Documentos\motors_de_videojocs\SI\documents\glmath.cpp(778,10): warning C4244: 'initializing': conversion from 'double' to 'float', possible loss of data
C:\Users\achic\OneDrive\Documentos\motors_de_videojocs\SI\documents\glmath.cpp(778,33): warning C4244: 'initializing': conversion from 'double' to 'float', possible loss of data
  Hierachycpp.cpp
C:\Users\achic\OneDrive\Documentos\motors_de_videojocs\SI\documents\Hierachycpp.cpp(138,22): warning C4018: '<': signed/unsigned mismatch
  imgui.cpp
  Main.cpp
  Material.cpp
  Mesh.cpp
  ModuleAudio.cpp
  ModuleCamera3D.cpp
C:\Users\achic\OneDrive\Documentos\motors_de_videojocs\SI\documents\ModuleCamera3D.cpp(180,39): warning C4244: 'argument': conversion from 'int' to 'float', possible loss of data
  ModuleInput.cpp
  ModuleLoadFBX.cpp
C:\Users\achic\OneDrive\Documentos\motors_de_videojocs\SI\documents\ModuleLoadFBX.cpp(71,23): warning C4018: '<': signed/unsigned mismatch
C:\Users\achic\OneDrive\Documentos\motors_de_videojocs\SI\documents\ModuleLoadFBX.cpp(95,23): warning C4018: '<': signed/unsigned mismatch
  ModuleRenderer3D.cpp
  ModuleScene_01.cpp
C:\Users\achic\OneDrive\Documentos\motors_de_videojocs\SI\documents\ModuleScene_01.cpp(37,28): warning C4244: 'initializing': conversion from 'double' to 'float', possible loss of data
C:\Users\achic\OneDrive\Documentos\motors_de_videojocs\SI\documents\ModuleScene_01.cpp(37,23): warning C4244: 'initializing': conversion from 'double' to 'const float', possible loss of data
C:\Users\achic\OneDrive\Documentos\motors_de_videojocs\SI\documents\ModuleScene_01.cpp(38,28): warning C4244: 'initializing': conversion from 'double' to 'float', possible loss of data
C:\Users\achic\OneDrive\Documentos\motors_de_videojocs\SI\documents\ModuleScene_01.cpp(38,23): warning C4244: 'initializing': conversion from 'double' to 'const float', possible loss of data
C:\Users\achic\OneDrive\Documentos\motors_de_videojocs\SI\documents\ModuleScene_01.cpp(47,23): warning C4018: '<': signed/unsigned mismatch
C:\Users\achic\OneDrive\Documentos\motors_de_videojocs\SI\documents\ModuleScene_01.cpp(47,51): warning C4018: '<': signed/unsigned mismatch
C:\Users\achic\OneDrive\Documentos\motors_de_videojocs\SI\documents\ModuleScene_01.cpp(48,32): warning C4244: 'initializing': conversion from 'double' to 'float', possible loss of data
C:\Users\achic\OneDrive\Documentos\motors_de_videojocs\SI\documents\ModuleScene_01.cpp(48,27): warning C4244: 'initializing': conversion from 'double' to 'const float', possible loss of data
C:\Users\achic\OneDrive\Documentos\motors_de_videojocs\SI\documents\ModuleScene_01.cpp(49,51): warning C4244: 'initializing': conversion from 'double' to 'float', possible loss of data
C:\Users\achic\OneDrive\Documentos\motors_de_videojocs\SI\documents\ModuleScene_01.cpp(49,27): warning C4244: 'initializing': conversion from 'double' to 'const float', possible loss of data
C:\Users\achic\OneDrive\Documentos\motors_de_videojocs\SI\documents\ModuleScene_01.cpp(50,51): warning C4244: 'initializing': conversion from 'double' to 'float', possible loss of data
C:\Users\achic\OneDrive\Documentos\motors_de_videojocs\SI\documents\ModuleScene_01.cpp(50,27): warning C4244: 'initializing': conversion from 'double' to 'const float', possible loss of data
C:\Users\achic\OneDrive\Documentos\motors_de_videojocs\SI\documents\ModuleScene_01.cpp(66,23): warning C4018: '<': signed/unsigned mismatch
C:\Users\achic\OneDrive\Documentos\motors_de_videojocs\SI\documents\ModuleScene_01.cpp(66,51): warning C4018: '<': signed/unsigned mismatch
C:\Users\achic\OneDrive\Documentos\motors_de_videojocs\SI\documents\ModuleScene_01.cpp(257,22): warning C4101: 'title': unreferenced local variable
C:\Users\achic\OneDrive\Documentos\motors_de_videojocs\SI\documents\ModuleScene_01.cpp(260,26): warning C4101: 'title': unreferenced local variable
C:\Users\achic\OneDrive\Documentos\motors_de_videojocs\SI\documents\ModuleScene_01.cpp(1175,76): warning C4305: 'argument': truncation from 'double' to 'float'
  ModuleTextures.cpp
  ModuleWindow.cpp
  Generating Code...
  grisu3.c
C:\Users\achic\OneDrive\Documentos\motors_de_videojocs\SI\documents\MathGeoLib-master\src\Math\grisu3.c(324,4): warning C4996: 'strcpy': This function or variable may be unsafe. Consider using strcpy_s instead. To disable deprecation, use _CRT_SECURE_NO_WARNINGS. See online help for details.
C:\Users\achic\OneDrive\Documentos\motors_de_videojocs\SI\documents\MathGeoLib-master\src\Math\grisu3.c(365,4): warning C4996: 'strcpy': This function or variable may be unsafe. Consider using strcpy_s instead. To disable deprecation, use _CRT_SECURE_NO_WARNINGS. See online help for details.
C:\Users\achic\OneDrive\Documentos\motors_de_videojocs\SI\documents\MathGeoLib-master\src\Math\grisu3.c(390,10): warning C4996: 'sprintf': This function or variable may be unsafe. Consider using sprintf_s instead. To disable deprecation, use _CRT_SECURE_NO_WARNINGS. See online help for details.
C:\Users\achic\OneDrive\Documentos\motors_de_videojocs\SI\documents\MathGeoLib-master\src\Math\grisu3.c(407,10): warning C4996: 'sprintf': This function or variable may be unsafe. Consider using sprintf_s instead. To disable deprecation, use _CRT_SECURE_NO_WARNINGS. See online help for details.
  3D Physics.vcxproj -> C:\Users\achic\OneDrive\Documentos\motors_de_videojocs\SI\documents\Game\3D Physics - class5.exe
